INFO:app:Database tables created
DEBUG:htmldate.validators:minimum date setting: 1995-01-01 00:00:00
INFO:utils.notification_service:Using Mock SMS service for notifications
INFO:utils.llm:Initialized OLLAMA client with base URL: http://localhost:11434, model: llama3:latest
INFO:utils.llm:Legal Assistant initialized
INFO:utils.llm:Initialized Mock LLM client (fallback responses)
INFO:utils.llm:Attempting to connect to Ollama at base URL: http://localhost:11434
INFO:utils.llm:Testing Ollama API endpoint: http://localhost:11434/api/version
DEBUG:urllib3.connectionpool:Starting new HTTP connection (1): localhost:11434
DEBUG:urllib3.connectionpool:http://localhost:11434 "GET /api/version HTTP/1.1" 200 19
INFO:utils.llm:Response from http://localhost:11434/api/version: status code 200
INFO:utils.llm:Ollama server detected at http://localhost:11434/api/version (status: 200)
INFO:utils.llm:Initialized OLLAMA client with base URL: http://localhost:11434, model: llama3:latest
INFO:utils.llm:Initialized OLLAMA client with base URL: http://localhost:11434, model: deepseek:latest
INFO:utils.llm:Initialized CounterCheck client with models: llama3:latest (primary) and deepseek:latest (secondary)
WARNING:utils.llm:Counter-Check client failed: cannot access local variable 'config' where it is not associated with a value
INFO:utils.llm:Initialized OLLAMA client with base URL: http://localhost:11434, model: llama3:latest
WARNING:utils.llm:Ollama client failed: cannot access local variable 'config' where it is not associated with a value
INFO:utils.llm:Using Mock LLM client for fallback responses
INFO:utils.llm:Legal Assistant initialized
/home/prodai/Desktop/legalease-ke/env/lib/python3.12/site-packages/sqlalchemy/sql/schema.py:3625: DeprecationWarning: datetime.datetime.utcnow() is deprecated and scheduled for removal in a future version. Use timezone-aware objects to represent datetimes in UTC: datetime.datetime.now(datetime.UTC).
  return util.wrap_callable(lambda ctx: fn(), fn)  # type: ignore
INFO:utils.llm:Initialized Mock LLM client (fallback responses)
INFO:chromadb.telemetry.product.posthog:Anonymized telemetry enabled. See                     https://docs.trychroma.com/telemetry for more information.
DEBUG:chromadb.config:Starting component System
DEBUG:chromadb.config:Starting component Posthog
DEBUG:chromadb.config:Starting component OpenTelemetryClient
DEBUG:chromadb.config:Starting component SqliteDB
DEBUG:chromadb.config:Starting component SimpleQuotaEnforcer
DEBUG:chromadb.config:Starting component SimpleRateLimitEnforcer
DEBUG:chromadb.config:Starting component LocalSegmentManager
DEBUG:chromadb.config:Starting component LocalExecutor
DEBUG:chromadb.config:Starting component SegmentAPI
/home/prodai/Desktop/legalease-ke/env/lib/python3.12/site-packages/chromadb/types.py:144: PydanticDeprecatedSince211: Accessing the 'model_fields' attribute on the instance is deprecated. Instead, you should access this attribute from the model class. Deprecated in Pydantic V2.11 to be removed in V3.0.
  return self.model_fields  # pydantic 2.x
INFO:utils.vector_db:Vector database collections created/loaded
INFO:utils.vector_db:Initialized vector database at /tmp/tmpie5behr_
/home/prodai/Desktop/legalease-ke/env/lib/python3.12/site-packages/sqlalchemy/sql/schema.py:3625: DeprecationWarning: datetime.datetime.utcnow() is deprecated and scheduled for removal in a future version. Use timezone-aware objects to represent datetimes in UTC: datetime.datetime.now(datetime.UTC).
  return util.wrap_callable(lambda ctx: fn(), fn)  # type: ignore
E/home/prodai/Desktop/legalease-ke/env/lib/python3.12/site-packages/flask_sqlalchemy/extension.py:881: SAWarning: Can't sort tables for DROP; an unresolvable foreign key dependency exists between tables: organization, user; and backend does not support ALTER.  To restore at least a partial sort, apply use_alter=True to ForeignKey and ForeignKeyConstraint objects involved in the cycle to mark these as known cycles that will be ignored.
  getattr(metadata, op_name)(bind=engine)
INFO:utils.llm:Initialized Mock LLM client (fallback responses)
INFO:chromadb.telemetry.product.posthog:Anonymized telemetry enabled. See                     https://docs.trychroma.com/telemetry for more information.
DEBUG:chromadb.config:Starting component System
DEBUG:chromadb.config:Starting component Posthog
DEBUG:chromadb.config:Starting component OpenTelemetryClient
DEBUG:chromadb.config:Starting component SqliteDB
DEBUG:urllib3.connectionpool:Starting new HTTPS connection (1): us.i.posthog.com:443
DEBUG:chromadb.config:Starting component SimpleQuotaEnforcer
DEBUG:chromadb.config:Starting component SimpleRateLimitEnforcer
DEBUG:chromadb.config:Starting component LocalSegmentManager
DEBUG:chromadb.config:Starting component LocalExecutor
DEBUG:chromadb.config:Starting component SegmentAPI
INFO:utils.vector_db:Vector database collections created/loaded
INFO:utils.vector_db:Initialized vector database at /tmp/tmp90p1zhgp
EINFO:utils.llm:Initialized Mock LLM client (fallback responses)
INFO:chromadb.telemetry.product.posthog:Anonymized telemetry enabled. See                     https://docs.trychroma.com/telemetry for more information.
DEBUG:chromadb.config:Starting component System
DEBUG:chromadb.config:Starting component Posthog
DEBUG:chromadb.config:Starting component OpenTelemetryClient
DEBUG:chromadb.config:Starting component SqliteDB
DEBUG:chromadb.config:Starting component SimpleQuotaEnforcer
DEBUG:chromadb.config:Starting component SimpleRateLimitEnforcer
DEBUG:chromadb.config:Starting component LocalSegmentManager
DEBUG:chromadb.config:Starting component LocalExecutor
DEBUG:chromadb.config:Starting component SegmentAPI
INFO:utils.vector_db:Vector database collections created/loaded
INFO:utils.vector_db:Initialized vector database at /tmp/tmp4sn1xenw
.DEBUG:urllib3.connectionpool:https://us.i.posthog.com:443 "POST /batch/ HTTP/1.1" 200 15
INFO:utils.llm:Initialized Mock LLM client (fallback responses)
INFO:chromadb.telemetry.product.posthog:Anonymized telemetry enabled. See                     https://docs.trychroma.com/telemetry for more information.
DEBUG:chromadb.config:Starting component System
DEBUG:chromadb.config:Starting component Posthog
DEBUG:chromadb.config:Starting component OpenTelemetryClient
DEBUG:chromadb.config:Starting component SqliteDB
DEBUG:chromadb.config:Starting component SimpleQuotaEnforcer
DEBUG:chromadb.config:Starting component SimpleRateLimitEnforcer
DEBUG:chromadb.config:Starting component LocalSegmentManager
DEBUG:chromadb.config:Starting component LocalExecutor
DEBUG:chromadb.config:Starting component SegmentAPI
INFO:utils.vector_db:Vector database collections created/loaded
INFO:utils.vector_db:Initialized vector database at /tmp/tmpbarraiq6
.INFO:utils.llm:Initialized Mock LLM client (fallback responses)
INFO:chromadb.telemetry.product.posthog:Anonymized telemetry enabled. See                     https://docs.trychroma.com/telemetry for more information.
DEBUG:chromadb.config:Starting component System
DEBUG:chromadb.config:Starting component Posthog
DEBUG:chromadb.config:Starting component OpenTelemetryClient
DEBUG:chromadb.config:Starting component SqliteDB
DEBUG:chromadb.config:Starting component SimpleQuotaEnforcer
DEBUG:chromadb.config:Starting component SimpleRateLimitEnforcer
DEBUG:chromadb.config:Starting component LocalSegmentManager
DEBUG:chromadb.config:Starting component LocalExecutor
DEBUG:chromadb.config:Starting component SegmentAPI
INFO:utils.vector_db:Vector database collections created/loaded
INFO:utils.vector_db:Initialized vector database at /tmp/tmpzb1auwdw
DEBUG:chromadb.config:Starting component PersistentLocalHnswSegment
INFO:utils.vector_db:Added case to vector database with ID: 1
WARNING:chromadb.segment.impl.vector.local_persistent_hnsw:Number of requested results 5 is greater than number of elements in index 1, updating n_results = 1
INFO:utils.vector_db:Found 1 cases for query: vector database integration
DEBUG:urllib3.connectionpool:https://us.i.posthog.com:443 "POST /batch/ HTTP/1.1" 200 15
.INFO:utils.llm:Initialized Mock LLM client (fallback responses)
INFO:chromadb.telemetry.product.posthog:Anonymized telemetry enabled. See                     https://docs.trychroma.com/telemetry for more information.
DEBUG:chromadb.config:Starting component System
DEBUG:chromadb.config:Starting component Posthog
DEBUG:chromadb.config:Starting component OpenTelemetryClient
DEBUG:chromadb.config:Starting component SqliteDB
DEBUG:chromadb.config:Starting component SimpleQuotaEnforcer
DEBUG:chromadb.config:Starting component SimpleRateLimitEnforcer
DEBUG:chromadb.config:Starting component LocalSegmentManager
DEBUG:chromadb.config:Starting component LocalExecutor
DEBUG:chromadb.config:Starting component SegmentAPI
INFO:utils.vector_db:Vector database collections created/loaded
INFO:utils.vector_db:Initialized vector database at /tmp/tmpzvaevt0j
.
======================================================================
ERROR: test_case_document_association (__main__.TestCourtCases.test_case_document_association)
Test associating documents with cases
----------------------------------------------------------------------
Traceback (most recent call last):
  File "/home/prodai/Desktop/legalease-ke/test_court_cases.py", line 175, in test_case_document_association
    test_document = Document(
                    ^^^^^^^^^
  File "<string>", line 4, in __init__
  File "/home/prodai/Desktop/legalease-ke/env/lib/python3.12/site-packages/sqlalchemy/orm/state.py", line 571, in _initialize_instance
    with util.safe_reraise():
  File "/home/prodai/Desktop/legalease-ke/env/lib/python3.12/site-packages/sqlalchemy/util/langhelpers.py", line 146, in __exit__
    raise exc_value.with_traceback(exc_tb)
  File "/home/prodai/Desktop/legalease-ke/env/lib/python3.12/site-packages/sqlalchemy/orm/state.py", line 569, in _initialize_instance
    manager.original_init(*mixed[1:], **kwargs)
  File "/home/prodai/Desktop/legalease-ke/env/lib/python3.12/site-packages/sqlalchemy/orm/decl_base.py", line 2175, in _declarative_constructor
    raise TypeError(
TypeError: 'case_id' is an invalid keyword argument for Document

======================================================================
ERROR: test_case_events (__main__.TestCourtCases.test_case_events)
Test adding and managing case events
----------------------------------------------------------------------
Traceback (most recent call last):
  File "/home/prodai/Desktop/legalease-ke/test_court_cases.py", line 280, in test_case_events
    self.assertEqual(len(case.events), 2, "Case should have 2 events")
                     ^^^^^^^^^^^^^^^^
TypeError: object of type 'AppenderQuery' has no len()

----------------------------------------------------------------------
Ran 6 tests in 2.911s

FAILED (errors=2)
DEBUG:urllib3.connectionpool:https://us.i.posthog.com:443 "POST /batch/ HTTP/1.1" 200 15
